<?xml version="1.0" encoding="UTF-8"?>
<!-- Generated by org.testng.reporters.JUnitXMLReporter -->
<testsuite ignored="0" hostname="DESKTOP-D29FH98" failures="0" tests="5" name="OpenCartTest" time="61.273" errors="0" timestamp="2023-08-26T12:21:02 IST">
  <testcase classname="testCases.TC_003_LoginDDT" name="test_LoginDDT" time="2.931"/>
  <testcase classname="testCases.TC_003_LoginDDT" name="test_LoginDDT" time="11.737"/>
  <testcase classname="testCases.TC_003_LoginDDT" name="test_LoginDDT" time="12.998"/>
  <testcase classname="testCases.TC_003_LoginDDT" name="test_LoginDDT" time="13.605"/>
  <testcase classname="testCases.TC_003_LoginDDT" name="test_LoginDDT" time="9.248"/>
</testsuite> <!-- OpenCartTest -->
